{"level":"info","message":"GET / 404 4ms","timestamp":"2018-02-04T02:48:22.038Z"}
{"level":"info","message":"GET /favicon.ico 404 1ms","timestamp":"2018-02-04T02:48:22.409Z"}
{"level":"info","message":"GET /service-worker.js 404 0ms","timestamp":"2018-02-04T02:48:23.038Z"}
{"level":"info","message":"GET / 404 3ms","timestamp":"2018-02-04T02:48:42.848Z"}
{"level":"info","message":"GET /service-worker.js 404 1ms","timestamp":"2018-02-04T02:48:43.860Z"}
{"level":"info","message":"POST /api/person 200 88ms","timestamp":"2018-02-04T05:48:30.975Z"}
{"level":"info","message":"POST /api/person 200 7ms","timestamp":"2018-02-04T05:49:37.501Z"}
{"level":"info","message":"POST /api/person 200 5ms","timestamp":"2018-02-04T05:50:53.930Z"}
{"level":"info","message":"POST /api/person 200 4ms","timestamp":"2018-02-04T05:51:05.670Z"}
{"level":"info","message":"POST /api/person 200 4ms","timestamp":"2018-02-04T05:51:54.168Z"}
{"level":"info","message":"POST /api/person 200 4ms","timestamp":"2018-02-04T05:52:16.222Z"}
{"level":"info","message":"POST /api/person 200 4ms","timestamp":"2018-02-04T05:52:58.466Z"}
{"level":"info","message":"POST /api/person 200 4ms","timestamp":"2018-02-04T05:53:39.168Z"}
{"level":"info","message":"POST /api/person 200 5ms","timestamp":"2018-02-04T05:55:50.644Z"}
{"level":"info","message":"POST /api/person 200 4ms","timestamp":"2018-02-04T05:56:19.174Z"}
{"level":"info","message":"POST /api/person 200 35ms","timestamp":"2018-02-04T05:57:41.196Z"}
{"level":"info","message":"POST /api/person 200 41ms","timestamp":"2018-02-04T05:58:28.347Z"}
{"level":"info","message":"POST /api/person 200 74ms","timestamp":"2018-02-04T05:58:50.432Z"}
{"level":"info","message":"POST /api/person 200 15ms","timestamp":"2018-02-04T05:58:58.463Z"}
{"level":"info","message":"POST /api/person 200 13ms","timestamp":"2018-02-04T05:59:08.967Z"}
{"level":"info","message":"POST /api/person 200 21ms","timestamp":"2018-02-04T05:59:34.653Z"}
{"level":"info","message":"POST /api/person 200 15ms","timestamp":"2018-02-04T06:00:00.528Z"}
{"level":"info","message":"POST /api/person 200 92ms","timestamp":"2018-02-04T06:00:29.120Z"}
{"level":"info","message":"POST /api/person 200 10ms","timestamp":"2018-02-04T06:00:32.580Z"}
{"level":"info","message":"POST /api/person 200 34ms","timestamp":"2018-02-04T06:02:11.600Z"}
{"level":"info","message":"POST /api/person 200 29ms","timestamp":"2018-02-04T06:02:31.850Z"}
{"level":"info","message":"POST /api/person 200 37ms","timestamp":"2018-02-04T06:04:02.922Z"}
{"level":"info","message":"POST /api/person 200 15ms","timestamp":"2018-02-04T06:05:26.702Z"}
{"level":"info","message":"POST /api/person 200 11ms","timestamp":"2018-02-04T06:05:31.291Z"}
{"level":"info","message":"POST /api/person 200 13ms","timestamp":"2018-02-04T06:06:14.093Z"}
{"level":"info","message":"POST /api/person 200 9ms","timestamp":"2018-02-04T06:06:26.986Z"}
{"level":"info","message":"POST /api/person 200 18ms","timestamp":"2018-02-04T06:15:38.640Z"}
{"level":"info","message":"POST /api/person 200 9ms","timestamp":"2018-02-04T06:17:21.855Z"}
{"level":"info","message":"POST /api/person 200 19ms","timestamp":"2018-02-04T06:27:09.383Z"}
{"level":"info","message":"POST /api/person 200 54ms","timestamp":"2018-02-04T06:28:33.885Z"}
{"level":"info","message":"POST /api/person 200 64ms","timestamp":"2018-02-04T06:29:26.426Z"}
{"level":"info","message":"GET /api/word/length 200 15ms","timestamp":"2018-02-04T09:18:56.096Z"}
{"level":"info","message":"GET /api/word/length 304 3ms","timestamp":"2018-02-04T09:20:33.023Z"}
{"level":"info","message":"GET /api/word/length 304 2ms","timestamp":"2018-02-04T09:21:25.615Z"}
{"level":"info","message":"GET /api/word/length 304 1ms","timestamp":"2018-02-04T09:22:00.214Z"}
{"level":"info","message":"GET /api/word/length 304 2ms","timestamp":"2018-02-04T09:22:18.024Z"}
{"level":"info","message":"GET /api/word/length 304 1ms","timestamp":"2018-02-04T09:22:36.088Z"}
{"level":"info","message":"GET /api/word/length 304 1ms","timestamp":"2018-02-04T09:24:06.227Z"}
{"level":"info","message":"GET /api/word/length 304 2ms","timestamp":"2018-02-04T09:45:03.098Z"}
{"level":"info","message":"GET /api/word/length 304 2ms","timestamp":"2018-02-04T09:47:17.433Z"}
{"level":"info","message":"GET /api/word/length 304 2ms","timestamp":"2018-02-04T09:47:45.097Z"}
{"level":"info","message":"GET /api/word/length 304 1ms","timestamp":"2018-02-04T09:48:24.092Z"}
{"level":"info","message":"GET /api/word/length 304 1ms","timestamp":"2018-02-04T09:54:56.630Z"}
{"level":"info","message":"GET /api/word/length 304 1ms","timestamp":"2018-02-04T09:56:54.930Z"}
{"level":"info","message":"GET /api/word/length 304 1ms","timestamp":"2018-02-04T09:58:42.599Z"}
{"level":"info","message":"GET /api/word/length 304 2ms","timestamp":"2018-02-04T09:59:32.794Z"}
{"level":"info","message":"GET /api/word/length 304 1ms","timestamp":"2018-02-04T09:59:51.194Z"}
{"level":"info","message":"GET /api/word/length 304 1ms","timestamp":"2018-02-04T10:00:01.118Z"}
{"level":"info","message":"GET /api/word/length 304 4ms","timestamp":"2018-02-04T10:00:58.052Z"}
{"level":"info","message":"GET /api/word/length 304 1ms","timestamp":"2018-02-04T10:02:05.534Z"}
{"level":"info","message":"GET /api/word/length 304 1ms","timestamp":"2018-02-04T10:02:09.817Z"}
{"level":"info","message":"GET /api/word/length 304 1ms","timestamp":"2018-02-04T10:02:52.544Z"}
{"level":"info","message":"GET /api/word/length 304 1ms","timestamp":"2018-02-04T10:04:39.801Z"}
{"level":"info","message":"GET /api/word/length 304 1ms","timestamp":"2018-02-04T10:05:25.214Z"}
{"level":"info","message":"GET /api/word/length 304 1ms","timestamp":"2018-02-04T10:05:43.714Z"}
{"level":"info","message":"GET /api/word/length 304 1ms","timestamp":"2018-02-04T10:05:55.948Z"}
{"level":"info","message":"GET /api/word/length 304 2ms","timestamp":"2018-02-04T10:19:58.775Z"}
{"level":"info","message":"GET /api/word/length 304 1ms","timestamp":"2018-02-04T10:21:12.068Z"}
{"level":"info","message":"GET /api/word/length 304 1ms","timestamp":"2018-02-04T10:21:23.264Z"}
{"level":"info","message":"GET /api/word/length 304 0ms","timestamp":"2018-02-04T10:21:55.742Z"}
{"level":"info","message":"GET /api/word/length 304 1ms","timestamp":"2018-02-04T10:23:44.036Z"}
{"level":"info","message":"GET /api/word/length 304 1ms","timestamp":"2018-02-04T10:25:14.204Z"}
{"level":"info","message":"GET /api/word/length 304 1ms","timestamp":"2018-02-04T10:26:26.594Z"}
{"level":"info","message":"GET /api/word/length 304 1ms","timestamp":"2018-02-04T10:26:56.789Z"}
{"level":"info","message":"GET /api/word/length 304 1ms","timestamp":"2018-02-04T10:27:16.102Z"}
{"level":"info","message":"GET /api/word/length 304 5ms","timestamp":"2018-02-04T10:27:28.211Z"}
{"level":"info","message":"GET /api/word/length 304 1ms","timestamp":"2018-02-04T10:29:08.305Z"}
{"level":"info","message":"GET /api/word/length 304 0ms","timestamp":"2018-02-04T10:29:32.487Z"}
{"level":"info","message":"GET /api/word/length 304 2ms","timestamp":"2018-02-04T10:30:25.446Z"}
{"level":"info","message":"GET /api/word/length 304 1ms","timestamp":"2018-02-04T10:32:32.837Z"}
{"level":"info","message":"GET /api/word/length 304 1ms","timestamp":"2018-02-04T10:33:48.769Z"}
{"level":"info","message":"GET /api/word/length 304 3ms","timestamp":"2018-02-04T10:34:13.790Z"}
{"level":"info","message":"GET /api/word/length 304 1ms","timestamp":"2018-02-04T10:40:45.530Z"}
{"level":"info","message":"GET /api/word/length 304 1ms","timestamp":"2018-02-04T10:41:09.656Z"}
{"level":"info","message":"GET /api/word/length 304 1ms","timestamp":"2018-02-04T10:43:01.677Z"}
{"level":"info","message":"GET /api/word/length 304 2ms","timestamp":"2018-02-04T10:43:04.758Z"}
{"level":"info","message":"GET /api/word/length 304 1ms","timestamp":"2018-02-04T10:43:52.402Z"}
{"level":"info","message":"GET /api/word/length 304 1ms","timestamp":"2018-02-04T10:45:11.402Z"}
{"level":"info","message":"GET /api/word/length 304 1ms","timestamp":"2018-02-04T10:48:51.024Z"}
{"level":"info","message":"GET / 404 4ms","timestamp":"2018-02-04T11:21:30.439Z"}
{"level":"info","message":"GET /api/word/length 304 1ms","timestamp":"2018-02-04T11:40:50.005Z"}
{"level":"info","message":"GET /api/word/length 304 2ms","timestamp":"2018-02-04T11:41:23.487Z"}
{"level":"info","message":"GET /api/word/length 304 0ms","timestamp":"2018-02-04T11:42:43.904Z"}
{"level":"info","message":"GET /api/word/length 304 2ms","timestamp":"2018-02-04T11:45:05.986Z"}
{"level":"info","message":"GET /api/word/length 304 1ms","timestamp":"2018-02-04T11:46:20.525Z"}
{"level":"info","message":"GET /api/word/length 304 1ms","timestamp":"2018-02-04T11:46:45.552Z"}
{"level":"info","message":"GET /api/word/length 304 1ms","timestamp":"2018-02-04T11:47:35.251Z"}
{"level":"info","message":"GET /api/word/length 304 12ms","timestamp":"2018-02-04T11:48:16.658Z"}
{"level":"info","message":"GET /api/word/length 304 1ms","timestamp":"2018-02-04T11:50:17.757Z"}
{"level":"info","message":"GET /api/word/length 200 13ms","timestamp":"2018-02-04T12:00:43.073Z"}
{"level":"info","message":"GET /api/word/length 304 2ms","timestamp":"2018-02-04T12:01:25.781Z"}
{"level":"info","message":"GET /api/word/length 304 1ms","timestamp":"2018-02-04T12:01:47.143Z"}
{"level":"info","message":"POST /api/word 200 65ms","timestamp":"2018-02-04T12:01:56.426Z"}
{"level":"info","message":"GET /api/word/length 200 1ms","timestamp":"2018-02-04T12:02:04.469Z"}
{"level":"info","message":"GET /api/word/length 304 1ms","timestamp":"2018-02-04T12:03:07.878Z"}
{"level":"info","message":"POST /api/word 200 6ms","timestamp":"2018-02-04T12:03:25.231Z"}
{"level":"info","message":"GET /api/word/length 200 2ms","timestamp":"2018-02-04T12:03:25.476Z"}
{"level":"info","message":"GET /api/word/length 304 2ms","timestamp":"2018-02-04T12:04:45.149Z"}
{"level":"info","message":"GET /api/word/length 304 2ms","timestamp":"2018-02-04T12:12:01.924Z"}
{"level":"info","message":"GET /api/word/length 304 1ms","timestamp":"2018-02-04T12:14:00.275Z"}
{"level":"info","message":"GET /api/word 200 9ms","timestamp":"2018-02-04T12:14:01.494Z"}
{"level":"info","message":"GET /api/word/length 304 1ms","timestamp":"2018-02-04T12:14:45.829Z"}
{"level":"info","message":"GET /api/word 304 3ms","timestamp":"2018-02-04T12:14:46.708Z"}
{"level":"info","message":"GET /api/word/length 304 1ms","timestamp":"2018-02-04T12:17:38.451Z"}
{"level":"info","message":"GET /api/word 304 2ms","timestamp":"2018-02-04T12:17:39.460Z"}
{"level":"info","message":"GET /api/word/length 304 1ms","timestamp":"2018-02-04T12:18:16.918Z"}
{"level":"info","message":"GET /api/word 304 2ms","timestamp":"2018-02-04T12:18:18.918Z"}
{"level":"info","message":"GET /api/word/length 304 1ms","timestamp":"2018-02-04T12:19:09.761Z"}
{"level":"info","message":"GET /api/word/length 304 1ms","timestamp":"2018-02-04T12:19:15.974Z"}
{"level":"info","message":"GET /api/word 304 2ms","timestamp":"2018-02-04T12:19:22.719Z"}
{"level":"info","message":"GET /api/word/length 304 2ms","timestamp":"2018-02-04T12:21:51.421Z"}
{"level":"info","message":"GET /api/word/length 304 2ms","timestamp":"2018-02-04T12:22:48.722Z"}
{"level":"info","message":"GET /api/word/length 304 1ms","timestamp":"2018-02-04T12:27:03.280Z"}
{"level":"info","message":"GET /api/word/length 304 1ms","timestamp":"2018-02-04T12:29:17.894Z"}
{"level":"info","message":"GET /api/word 304 2ms","timestamp":"2018-02-04T12:29:57.475Z"}
{"level":"info","message":"GET /api/word/length 401 3ms","timestamp":"2018-02-04T12:31:00.203Z"}
{"level":"info","message":"GET /api/word 304 20ms","timestamp":"2018-02-04T12:31:03.606Z"}
{"level":"info","message":"GET /api/word/length 401 1ms","timestamp":"2018-02-04T12:31:06.739Z"}
{"level":"info","message":"GET /api/word 304 4ms","timestamp":"2018-02-04T12:31:09.475Z"}
{"level":"info","message":"GET /api/word 304 3ms","timestamp":"2018-02-04T12:31:15.095Z"}
{"level":"info","message":"GET /api/word 304 2ms","timestamp":"2018-02-04T12:31:53.932Z"}
{"level":"info","message":"GET /api/word/length 401 1ms","timestamp":"2018-02-04T12:31:55.628Z"}
{"level":"info","message":"GET /api/word/length 401 0ms","timestamp":"2018-02-04T12:32:02.351Z"}
{"level":"info","message":"POST /api/person 200 41ms","timestamp":"2018-02-04T12:33:04.839Z"}
{"level":"info","message":"GET /api/word/length 304 6ms","timestamp":"2018-02-04T12:33:04.899Z"}
{"level":"info","message":"GET /api/word/length 304 2ms","timestamp":"2018-02-04T12:33:14.209Z"}
{"level":"info","message":"GET /api/word/length 304 1ms","timestamp":"2018-02-04T12:40:58.916Z"}
{"level":"info","message":"GET /api/word 304 9ms","timestamp":"2018-02-04T12:47:33.391Z"}
{"level":"info","message":"GET /api/word/length 304 11ms","timestamp":"2018-02-04T13:27:58.076Z"}
{"level":"info","message":"GET /api/word/length 200 17ms","timestamp":"2018-02-04T13:29:55.063Z"}
{"level":"info","message":"GET /api/word/length 304 3ms","timestamp":"2018-02-04T13:29:57.881Z"}
{"level":"info","message":"GET /api/word/length 200 11ms","timestamp":"2018-02-04T13:31:43.925Z"}
{"level":"info","message":"POST /api/word 200 53ms","timestamp":"2018-02-04T13:32:04.847Z"}
{"level":"info","message":"GET /api/word/length 200 2ms","timestamp":"2018-02-04T13:32:05.042Z"}
{"level":"info","message":"GET /api/game 200 20ms","timestamp":"2018-02-04T13:32:06.599Z"}
{"level":"info","message":"GET /api/word/length 304 2ms","timestamp":"2018-02-04T13:32:51.959Z"}
{"level":"info","message":"GET /api/game 200 6ms","timestamp":"2018-02-04T13:32:52.123Z"}
{"level":"info","message":"GET /api/word/length 304 2ms","timestamp":"2018-02-04T13:34:17.383Z"}
{"level":"info","message":"GET /api/game 200 5ms","timestamp":"2018-02-04T13:34:19.535Z"}
{"level":"info","message":"GET /api/word/length 304 2ms","timestamp":"2018-02-04T13:35:47.703Z"}
{"level":"info","message":"GET /api/game 200 8ms","timestamp":"2018-02-04T13:35:48.500Z"}
{"level":"info","message":"GET /api/word/length 304 1ms","timestamp":"2018-02-04T13:36:18.136Z"}
{"level":"info","message":"GET /api/game 200 6ms","timestamp":"2018-02-04T13:36:19.026Z"}
{"level":"info","message":"GET /api/word/length 304 1ms","timestamp":"2018-02-04T13:36:39.959Z"}
{"level":"info","message":"GET /api/word 200 3ms","timestamp":"2018-02-04T13:36:40.416Z"}
{"level":"info","message":"GET /api/game 200 5ms","timestamp":"2018-02-04T13:36:41.781Z"}
{"level":"info","message":"GET /api/word/length 304 1ms","timestamp":"2018-02-04T13:37:49.243Z"}
{"level":"info","message":"GET /api/game 200 7ms","timestamp":"2018-02-04T13:37:49.893Z"}
{"level":"info","message":"GET /api/word/length 304 1ms","timestamp":"2018-02-04T13:40:30.318Z"}
{"level":"info","message":"GET /api/game 200 7ms","timestamp":"2018-02-04T13:40:31.533Z"}
{"level":"info","message":"GET /api/word/length 304 1ms","timestamp":"2018-02-04T13:55:40.990Z"}
{"level":"info","message":"GET /api/word/length 304 1ms","timestamp":"2018-02-04T13:58:13.332Z"}
{"level":"info","message":"GET /api/game 200 5ms","timestamp":"2018-02-04T13:58:15.044Z"}
{"level":"info","message":"GET /api/word/length 304 1ms","timestamp":"2018-02-04T13:59:02.098Z"}
{"level":"info","message":"GET /api/game 200 5ms","timestamp":"2018-02-04T13:59:03.963Z"}
{"level":"info","message":"GET /api/word/length 304 1ms","timestamp":"2018-02-04T13:59:37.403Z"}
{"level":"info","message":"GET /api/game 200 4ms","timestamp":"2018-02-04T13:59:38.420Z"}
{"level":"info","message":"GET /api/word/length 304 1ms","timestamp":"2018-02-04T14:00:08.750Z"}
{"level":"info","message":"GET /api/game 200 7ms","timestamp":"2018-02-04T14:00:10.537Z"}
{"level":"info","message":"GET /api/word/length 304 0ms","timestamp":"2018-02-04T14:00:33.349Z"}
{"level":"info","message":"GET /api/game 200 5ms","timestamp":"2018-02-04T14:00:34.106Z"}
{"level":"info","message":"GET /api/word/length 304 1ms","timestamp":"2018-02-04T14:00:56.192Z"}
{"level":"info","message":"GET /api/game 200 4ms","timestamp":"2018-02-04T14:00:56.929Z"}
{"level":"info","message":"GET /api/word/length 304 1ms","timestamp":"2018-02-04T14:01:20.472Z"}
{"level":"info","message":"GET /api/game 200 4ms","timestamp":"2018-02-04T14:01:21.469Z"}
{"level":"info","message":"GET /api/word/length 304 1ms","timestamp":"2018-02-04T14:08:07.672Z"}
{"level":"info","message":"GET /api/game 200 5ms","timestamp":"2018-02-04T14:08:08.491Z"}
{"level":"info","message":"GET /api/word/length 304 2ms","timestamp":"2018-02-04T14:08:24.526Z"}
{"level":"info","message":"GET /api/word/length 304 0ms","timestamp":"2018-02-04T14:12:42.727Z"}
{"level":"info","message":"GET /api/game 200 6ms","timestamp":"2018-02-04T14:12:45.365Z"}
{"level":"info","message":"GET /api/word/length 304 1ms","timestamp":"2018-02-04T14:13:29.253Z"}
{"level":"info","message":"GET /api/game 200 4ms","timestamp":"2018-02-04T14:13:29.985Z"}
{"level":"info","message":"GET /api/word/length 304 1ms","timestamp":"2018-02-04T14:14:32.817Z"}
{"level":"info","message":"GET /api/game 200 5ms","timestamp":"2018-02-04T14:14:33.596Z"}
{"level":"info","message":"GET /api/word/length 304 2ms","timestamp":"2018-02-04T14:16:20.763Z"}
{"level":"info","message":"GET /api/game 200 5ms","timestamp":"2018-02-04T14:16:22.460Z"}
{"level":"info","message":"GET /api/word/length 304 1ms","timestamp":"2018-02-04T14:17:58.050Z"}
{"level":"info","message":"GET /api/game 200 3ms","timestamp":"2018-02-04T14:17:58.740Z"}
{"level":"info","message":"GET http://112.124.116.170:83/index.php 404 2ms","timestamp":"2018-02-04T14:19:39.451Z"}
{"level":"info","message":"GET /api/word/length 200 13ms","timestamp":"2018-02-04T14:22:38.451Z"}
{"level":"info","message":"GET /api/game 200 30ms","timestamp":"2018-02-04T14:22:39.379Z"}
{"level":"info","message":"POST /api/fault 200 92ms","timestamp":"2018-02-04T14:22:47.184Z"}
{"level":"info","message":"GET /api/word/length 304 2ms","timestamp":"2018-02-04T14:24:21.566Z"}
{"level":"info","message":"GET /api/game 200 8ms","timestamp":"2018-02-04T14:24:22.110Z"}
{"level":"info","message":"POST /api/fault 200 9ms","timestamp":"2018-02-04T14:24:29.715Z"}
{"level":"info","message":"GET /api/word/length 304 12ms","timestamp":"2018-02-04T14:26:31.917Z"}
{"level":"info","message":"GET /api/game 200 22ms","timestamp":"2018-02-04T14:26:32.626Z"}
{"level":"info","message":"POST /api/fault 200 89ms","timestamp":"2018-02-04T14:26:39.013Z"}
{"level":"info","message":"GET /api/word/length 304 9ms","timestamp":"2018-02-04T14:27:37.128Z"}
{"level":"info","message":"GET /api/game 200 21ms","timestamp":"2018-02-04T14:27:38.054Z"}
{"level":"info","message":"POST /api/fault 200 74ms","timestamp":"2018-02-04T14:27:46.483Z"}
{"level":"info","message":"GET /api/game 200 15ms","timestamp":"2018-02-04T14:28:01.019Z"}
{"level":"info","message":"POST /api/fault 200 31ms","timestamp":"2018-02-04T14:28:07.614Z"}
{"level":"info","message":"GET /api/game 200 17ms","timestamp":"2018-02-04T14:28:16.855Z"}
{"level":"info","message":"POST /api/fault 200 24ms","timestamp":"2018-02-04T14:28:23.036Z"}
{"level":"info","message":"GET /api/word/length 304 2ms","timestamp":"2018-02-04T14:29:33.398Z"}
{"level":"info","message":"GET /api/word 304 5ms","timestamp":"2018-02-04T14:29:34.802Z"}
{"level":"info","message":"GET /service-worker.js 404 43ms","timestamp":"2018-02-04T14:36:09.020Z"}
{"level":"info","message":"GET / 404 14ms","timestamp":"2018-02-04T14:36:09.052Z"}
{"level":"info","message":"GET /service-worker.js 404 15ms","timestamp":"2018-02-04T14:37:09.481Z"}
{"level":"info","message":"GET / 404 12ms","timestamp":"2018-02-04T14:37:09.509Z"}
{"level":"info","message":"GET /service-worker.js 404 12ms","timestamp":"2018-02-04T14:37:10.361Z"}
{"level":"info","message":"GET / 404 10ms","timestamp":"2018-02-04T14:37:10.381Z"}
{"level":"info","message":"GET /service-worker.js 404 16ms","timestamp":"2018-02-04T14:37:11.517Z"}
{"level":"info","message":"GET / 404 7ms","timestamp":"2018-02-04T14:37:11.531Z"}
{"level":"info","message":"GET /service-worker.js 404 15ms","timestamp":"2018-02-04T14:37:11.990Z"}
{"level":"info","message":"GET / 404 6ms","timestamp":"2018-02-04T14:37:12.008Z"}
{"level":"info","message":"GET /service-worker.js 404 13ms","timestamp":"2018-02-04T14:37:12.426Z"}
{"level":"info","message":"GET / 404 9ms","timestamp":"2018-02-04T14:37:12.441Z"}
{"level":"info","message":"GET /service-worker.js 404 15ms","timestamp":"2018-02-04T14:37:12.742Z"}
{"level":"info","message":"GET / 404 11ms","timestamp":"2018-02-04T14:37:12.760Z"}
{"level":"info","message":"GET /service-worker.js 404 17ms","timestamp":"2018-02-04T14:37:13.021Z"}
{"level":"info","message":"GET / 404 9ms","timestamp":"2018-02-04T14:37:13.035Z"}
{"level":"info","message":"GET /service-worker.js 404 16ms","timestamp":"2018-02-04T14:37:13.226Z"}
{"level":"info","message":"GET / 404 6ms","timestamp":"2018-02-04T14:37:13.235Z"}
{"level":"info","message":"GET /service-worker.js 404 15ms","timestamp":"2018-02-04T14:37:13.459Z"}
{"level":"info","message":"GET / 404 9ms","timestamp":"2018-02-04T14:37:13.478Z"}
{"level":"info","message":"GET /service-worker.js 404 19ms","timestamp":"2018-02-04T14:37:13.676Z"}
{"level":"info","message":"GET / 404 9ms","timestamp":"2018-02-04T14:37:13.697Z"}
{"level":"info","message":"GET /service-worker.js 404 12ms","timestamp":"2018-02-04T14:37:13.923Z"}
{"level":"info","message":"GET / 404 6ms","timestamp":"2018-02-04T14:37:13.935Z"}
{"level":"info","message":"GET /service-worker.js 404 11ms","timestamp":"2018-02-04T14:37:14.167Z"}
{"level":"info","message":"GET / 404 7ms","timestamp":"2018-02-04T14:37:14.189Z"}
{"level":"info","message":"GET /service-worker.js 200 15ms","timestamp":"2018-02-04T14:37:37.853Z"}
{"level":"info","message":"GET / 200 2ms","timestamp":"2018-02-04T14:37:37.866Z"}
{"level":"info","message":"GET /applyFont.css 200 7ms","timestamp":"2018-02-04T14:37:37.889Z"}
{"level":"info","message":"GET /loader.css 200 8ms","timestamp":"2018-02-04T14:37:37.892Z"}
{"level":"info","message":"GET /static/js/main.ae534392.js 200 11ms","timestamp":"2018-02-04T14:37:37.899Z"}
{"level":"info","message":"GET /service-worker.js 200 3ms","timestamp":"2018-02-04T14:37:38.824Z"}
{"level":"info","message":"GET / 304 4ms","timestamp":"2018-02-04T14:37:38.836Z"}
{"level":"info","message":"GET /applyFont.css 304 2ms","timestamp":"2018-02-04T14:37:38.860Z"}
{"level":"info","message":"GET /static/js/main.ae534392.js 304 6ms","timestamp":"2018-02-04T14:37:38.863Z"}
{"level":"info","message":"GET /loader.css 304 10ms","timestamp":"2018-02-04T14:37:38.868Z"}
{"level":"info","message":"GET /service-worker.js 200 4ms","timestamp":"2018-02-04T14:37:39.355Z"}
{"level":"info","message":"GET / 304 2ms","timestamp":"2018-02-04T14:37:39.360Z"}
{"level":"info","message":"GET /applyFont.css 304 5ms","timestamp":"2018-02-04T14:37:39.389Z"}
{"level":"info","message":"GET /loader.css 304 10ms","timestamp":"2018-02-04T14:37:39.394Z"}
{"level":"info","message":"GET /static/js/main.ae534392.js 304 13ms","timestamp":"2018-02-04T14:37:39.402Z"}
{"level":"info","message":"GET /service-worker.js 200 2ms","timestamp":"2018-02-04T14:37:39.851Z"}
{"level":"info","message":"GET / 304 1ms","timestamp":"2018-02-04T14:37:39.855Z"}
{"level":"info","message":"GET /applyFont.css 304 2ms","timestamp":"2018-02-04T14:37:39.878Z"}
{"level":"info","message":"GET /loader.css 304 5ms","timestamp":"2018-02-04T14:37:39.884Z"}
{"level":"info","message":"GET /static/js/main.ae534392.js 304 11ms","timestamp":"2018-02-04T14:37:39.886Z"}
{"level":"info","message":"GET /service-worker.js 200 3ms","timestamp":"2018-02-04T14:37:43.975Z"}
{"level":"info","message":"GET / 304 1ms","timestamp":"2018-02-04T14:37:43.981Z"}
{"level":"info","message":"GET /applyFont.css 304 2ms","timestamp":"2018-02-04T14:37:44.011Z"}
{"level":"info","message":"GET /loader.css 304 7ms","timestamp":"2018-02-04T14:37:44.016Z"}
{"level":"info","message":"GET /static/js/main.ae534392.js 304 12ms","timestamp":"2018-02-04T14:37:44.021Z"}
{"level":"info","message":"GET /service-worker.js 200 10ms","timestamp":"2018-02-04T14:37:57.595Z"}
{"level":"info","message":"GET / 304 2ms","timestamp":"2018-02-04T14:37:57.646Z"}
{"level":"info","message":"GET /applyFont.css 200 11ms","timestamp":"2018-02-04T14:37:57.675Z"}
{"level":"info","message":"GET /loader.css 200 15ms","timestamp":"2018-02-04T14:37:57.684Z"}
{"level":"info","message":"GET /static/js/main.ae534392.js 200 39ms","timestamp":"2018-02-04T14:37:57.713Z"}
{"level":"info","message":"GET /NanumSquareRound.ttf 200 38ms","timestamp":"2018-02-04T14:37:57.732Z"}
{"level":"info","message":"GET /static/js/main.ae534392.js.map 200 88ms","timestamp":"2018-02-04T14:37:58.134Z"}
{"level":"info","message":"GET /service-worker.js 304 0ms","timestamp":"2018-02-04T14:37:58.248Z"}
{"level":"info","message":"POST /api/person 200 81ms","timestamp":"2018-02-04T14:38:07.505Z"}
{"level":"info","message":"GET /api/word/length 200 5ms","timestamp":"2018-02-04T14:38:07.537Z"}
{"level":"info","message":"GET /api/word 200 5ms","timestamp":"2018-02-04T14:38:08.798Z"}
{"level":"info","message":"GET /api/game 200 13ms","timestamp":"2018-02-04T14:38:10.237Z"}
{"level":"info","message":"POST /api/fault 500 40ms","timestamp":"2018-02-04T14:38:16.226Z"}
